750
56 
122 
493 
766 
477 
104 749 
220 
135 
54 699 
322 696 
43 
317 
33 
16 
506 
207 152 
971 
959 
602 
448 
445 598 
642 
569 
84 892 
276 
403 496 
512 523 
780 
427 985 
989 
221 600 
639 
141 
798 97 
449 750 
646 
784 
210 
859 
363 398 
980 180 
902 568 
308 
17 
42 
418 587 
916 945 
691 
14 
282 
53 306 
324 190 
748 
79 558 
734 
649 
420 
268 
505 
783 578 
333 
948 
194 
253 564 
192 
626 
999 603 
694 
722 
323 
74 
538 
293 
764 
237 310 
107 
914 
112 
772 
191 762 
782 417 
132 
230 
635 974 
738 
69 542 
379 
767 
586 295 
176 
901 898 
843 
431 
531 
441 
556 
205 
326 
515 
264 419 
647 
938 
374 
86 683 
235 
700 589 
170 
904 185 
340 
316 
397 
466 940 
618 68 
354 
979 552 
258 
829 
325 
634 291 
164 
976 
357 
351 
117 909 
659 968 
883 685 
730 
175 946 
884 527 
655 
575 
747 
678 
752 399 
621 
848 
941 476 
592 
966 
395 673 
741 
110 
955 
548 64 
854 
334 
788 487 
807 
574 
897 731 
822 
826 
489 
356 
346 
377 
224 793 
498 248 
713 
633 928 
131 676 
1 
917 
184 
186 
961 824 
269 384 
778 
680 
510 773 
337 781 
453 
742 
658 
981 214 
791 
540 
983 
77 
630 257 
702 
611 
303 
660 607 
425 
823 
869 
652 
868 57 
239 
806 66 
667 
332 
484 37 
692 
85 637 
491 
158 910 
809 
206 82 
378 
717 432 
342 
209 
343 335 
412 
733 
672 
0 636 
380 
842 
535 666 
632 608 
45 
298 
312 
819 
895 
58 631 
75 
698 668 
520 
519 
874 
720 215 
785 
121 
174 
790 
315 
136 
828 246 
486 
690 
893 
161 119 
727 
274 
925 
100 
827 
193 
29 
59 529 
851 
759 601 
931 
464 918 
439 
591 
709 271 
62 
440 
875 
850 
811 
390 359 
908 
682 
882 331 
919 218 
593 
283 
223 628 
656 
640 
776 
7 
545 577 
212 
177 
428 599 
536 
849 
473 
309 
319 
560 
839 
140 
710 789 
975 
213 
804 
997 
24 
514 
724 
933 
693 
927 580 
63 
240 
934 366 
787 
55 280 
446 
116 46 
222 
143 911 
128 385 
565 
816 990 
871 2 
71 579 
838 810 
605 
651 171 
604 
279 
400 
930 172 
596 
421 
526 
863 
369 
465 585 
396 
669 
178 
442 
266 967 
362 
39 
563 818 
503 715 
229 
687 
284 
958 238 
225 
758 876 
261 
821 
460 
590 76 
311 
267 
163 492 
47 123 
922 
60 
36 495 
906 
73 
815 
226 160 
233 
769 61 
232 
353 965 
786 
865 
719 
935 
684 198 
483 
203 
328 
234 753 
255 
142 
582 501 
250 996 
597 
517 65 
358 
338 126 
96 102 
299 
278 
834 957 
657 375 
288 95 
852 
168 595 
406 
886 
978 
949 774 
754 
430 
478 711 
944 
820 
610 
347 
857 459 
361 
622 866 
952 664 
199 763 
831 
973 173 
373 336 
671 
352 
970 
391 
405 920 
159 
879 624 
120 
437 151 
393 
870 
533 
111 
244 528 
707 
998 
943 547 
272 
921 
25 
878 
355 252 
845 
41 
737 534 
570 
695 365 
436 
888 
6 18 
708 
554 
987 
189 
584 
124 146 
609 290 
435 
165 434 
718 
382 273 
245 
681 573 
650 
689 474 
3 
516 
844 
502 
812 
426 566 
350 805 
251 
663 
743 
992 
227 259 
40 80 
900 
106 
794 388 
134 833 
456 
321 518 
297 371 
167 
463 
907 
896 
407 760 
202 
48 
9 
182 115 
641 
835 841 
265 
662 653 
614 
986 
507 
208 
947 32 
801 625 
905 
903 984 
414 129 
305 
292 
862 643 
937 872 
156 675 
389 
613 
549 
951 
70 
712 
188 562 
736 
915 891 
688 
860 
936 
572 147 
21 
525 285 
627 
93 345 
594 
583 697 
500 
530 
853 490 
35 
462 
953 330 
98 
30 705 
144 157 
443 571 
612 825 
926 
499 
532 
12 912 
881 858 
808 444 
988 544 
103 
81 
72 49 
139 
832 800 
755 
616 
451 
704 
923 
270 977 
296 
479 
138 956 
34 
726 394 
133 368 
423 
864 
803 
4 
880 
899 
485 
756 
537 307 
370 
539 
777 
304 52 
679 
644 
770 494 
792 
701 383 
90 
887 
541 
364 
972 
349 
674 137 
281 
411 
963 
765 236 
757 
768 
629 
482 454 
457 
99 130 
509 
11 
855 
318 452 
313 
433 
677 
376 422 
551 
348 
302 
703 424 
92 
148 
23 
89 
410 716 
5 
450 
932 231 
729 
648 
830 
429 
504 
166 
467 
455 327 
360 
228 
480 
10 101 
775 
964 
447 461 
211 
105 813 
277 
145 
885 243 
939 
522 402 
300 
50 
381 
475 735 
38 
367 
387 
954 
181 
275 
386 401 
150 686 
87 
746 
561 
254 
942 
508 
524 929 
468 
739 
856 873 
714 458 
993 153 
329 
654 
19 
950 
994 
247 
155 670 
706 
913 
799 
187 
67 415 
404 
481 620 
149 
216 
982 751 
320 
287 
991 740 
555 
13 
576 
817 438 
200 31 
606 
617 840 
201 
924 
889 
26 44 
413 256 
301 
867 
665 513 
623 
559 
846 960 
877 
113 
745 
638 
645 
195 341 
28 
294 
890 
162 108 
94 392 
22 
197 
761 
661 27 
969 
962 
154 
286 
15 521 
557 
125 
183 242 
204 796 
728 
78 
344 814 
262 169 
567 
196 
51 114 
470 118 
497 
241 
721 511 
416 
779 
263 847 
409 837 
995 339 
217 
8 894 
581 795 
588 
260 
472 
372 88 
109 
550 
725 
20 91 
771 
289 543 
219 
469 408 
127 
249 553 
802 
546 
836 
83 
488 
615 744 
314 
179 
797 619 
732 
723 
471 861 
