750
723 
861 471 
732 
179 
314 
619 797 
488 
83 
744 615 
836 
546 
802 
553 249 
127 
219 
408 469 
771 
543 289 
91 20 
725 
550 
109 
472 
260 
588 
88 372 
795 581 
894 8 
217 
339 995 
837 409 
847 263 
779 
416 
241 
511 721 
497 
118 470 
114 51 
196 
567 
169 262 
78 
728 
814 344 
796 204 
125 
557 
242 183 
521 15 
286 
154 
962 
969 
761 
197 
27 661 
22 
392 94 
890 
294 
28 
108 162 
645 
638 
745 
113 
877 
341 195 
559 
960 846 
623 
513 665 
867 
301 
256 413 
44 26 
889 
924 
201 
606 
840 617 
31 200 
438 817 
576 
13 
555 
287 
740 991 
320 
216 
149 
751 982 
404 
620 481 
187 
799 
415 67 
913 
706 
247 
994 
950 
19 
654 
329 
670 155 
153 993 
458 714 
873 856 
739 
468 
508 
942 
254 
929 524 
561 
746 
87 
686 150 
275 
181 
954 
387 
401 386 
367 
38 
381 
50 
300 
735 475 
402 522 
939 
145 
277 
243 885 
813 105 
211 
461 447 
964 
775 
101 10 
480 
228 
360 
467 
166 
504 
327 455 
429 
830 
648 
729 
231 932 
450 
5 
89 
23 
716 410 
148 
92 
424 703 
302 
348 
551 
677 
422 376 
433 
313 
855 
11 
452 318 
509 
130 99 
457 
629 
768 
454 482 
757 
963 
411 
281 
236 765 
349 
972 
364 
541 
887 
137 674 
90 
383 701 
792 
644 
679 
494 770 
777 
539 
52 304 
370 
756 
485 
307 537 
899 
880 
4 
803 
864 
423 
368 133 
34 
394 726 
479 
956 138 
296 
923 
704 
977 270 
451 
616 
755 
139 
800 832 
49 72 
81 
103 
544 988 
444 808 
858 881 
912 12 
532 
499 
926 
825 612 
571 443 
157 144 
705 30 
98 
330 953 
462 
35 
490 853 
530 
500 
697 583 
594 
345 93 
627 
21 
285 525 
936 
860 
688 
147 572 
736 
891 915 
712 
70 
562 188 
951 
549 
613 
389 
675 156 
872 937 
643 862 
292 
305 
129 414 
905 
984 903 
625 801 
208 
507 
986 
614 
32 947 
653 662 
265 
641 
841 835 
9 
115 182 
48 
202 
896 
907 
463 
167 
760 407 
371 297 
456 
518 321 
833 134 
106 
388 794 
900 
80 40 
992 
743 
663 
259 227 
251 
805 350 
812 
502 
844 
566 426 
516 
3 
650 
474 689 
245 
573 681 
273 382 
718 
435 
434 165 
290 609 
584 
146 124 
189 
987 
554 
708 
888 
18 6 
436 
365 695 
570 
41 
534 737 
845 
878 
25 
921 
252 355 
272 
998 
547 943 
707 
111 
528 244 
533 
870 
393 
151 437 
120 
624 879 
159 
920 405 
391 
970 
352 
671 
336 373 
173 973 
831 
763 199 
664 952 
866 622 
361 
347 
610 
459 857 
820 
944 
711 478 
430 
754 
774 949 
978 
886 
406 
595 168 
852 
95 288 
375 657 
957 834 
278 
299 
102 96 
358 
126 338 
65 517 
597 
996 250 
142 
255 
501 582 
328 
203 
483 
753 234 
935 
198 684 
719 
865 
786 
965 353 
232 
233 
61 769 
815 
160 226 
73 
906 
60 
495 36 
922 
123 47 
267 
492 163 
311 
76 590 
460 
821 
261 
876 758 
225 
284 
687 
229 
238 958 
715 503 
39 
362 
818 563 
442 
967 266 
178 
669 
396 
369 
863 
526 
421 
596 
585 465 
400 
279 
172 930 
604 
171 651 
605 
810 838 
579 71 
2 871 
565 
990 816 
385 128 
222 
911 143 
446 
46 116 
787 
280 55 
240 
366 934 
63 
693 
933 
724 
580 927 
514 
24 
997 
804 
213 
975 
140 
839 
560 
319 
789 710 
309 
473 
849 
536 
177 
599 428 
212 
7 
776 
577 545 
640 
656 
283 
593 
628 223 
218 919 
682 
331 882 
908 
811 
850 
875 
440 
62 
359 390 
591 
271 709 
439 
918 464 
931 
851 
601 759 
29 
193 
529 59 
827 
100 
925 
274 
727 
119 161 
893 
690 
486 
246 828 
136 
315 
790 
174 
121 
785 
874 
519 
215 720 
520 
668 698 
75 
895 
819 
631 58 
312 
298 
45 
608 632 
842 
380 
666 535 
672 
733 
412 
636 0 
209 
342 
335 343 
378 
432 717 
82 206 
809 
491 
910 158 
692 
637 85 
37 484 
332 
667 
239 
66 806 
652 
869 
57 868 
823 
425 
607 660 
303 
611 
702 
77 
983 
540 
257 630 
791 
214 981 
658 
742 
453 
781 337 
680 
778 
773 510 
384 269 
186 
184 
917 
824 961 
1 
676 131 
713 
928 633 
248 498 
377 
346 
793 224 
356 
489 
826 
822 
731 897 
574 
807 
334 
854 
487 788 
955 
110 
64 548 
741 
966 
673 395 
592 
848 
476 941 
621 
678 
747 
575 
655 
399 752 
527 884 
730 
946 175 
685 883 
968 659 
909 117 
351 
357 
976 
164 
291 634 
325 
829 
258 
552 979 
354 
68 618 
397 
316 
940 466 
340 
185 904 
170 
589 700 
235 
374 
938 
683 86 
647 
515 
326 
205 
556 
441 
531 
419 264 
431 
843 
176 
898 901 
295 586 
767 
379 
542 69 
738 
230 
974 635 
132 
417 782 
772 
112 
762 191 
914 
107 
310 237 
764 
293 
538 
74 
323 
722 
694 
626 
192 
603 999 
194 
948 
564 253 
333 
505 
268 
420 
578 783 
649 
734 
558 79 
748 
190 324 
306 53 
282 
14 
691 
945 916 
42 
17 
587 418 
308 
568 902 
180 980 
859 
210 
784 
398 363 
646 
750 449 
97 798 
141 
639 
989 
600 221 
780 
985 427 
523 512 
276 
496 403 
569 
642 
892 84 
448 
602 
598 445 
959 
971 
152 207 
506 
16 
33 
317 
43 
696 322 
135 
220 
699 54 
477 
749 104 
766 
493 
122 
56 
