750
861 471 
619 797 
744 615 
553 249 
408 469 
543 289 
91 20 
88 372 
795 581 
894 8 
339 995 
837 409 
847 263 
511 721 
118 470 
114 51 
169 262 
814 344 
796 204 
242 183 
521 15 
27 661 
392 94 
108 162 
723 
732 
179 
314 
488 
83 
836 
546 
802 
127 
219 
771 
725 
550 
109 
472 
260 
588 
217 
779 
416 
241 
497 
196 
567 
78 
728 
125 
557 
286 
154 
962 
969 
761 
197 
22 
890 
294 
28 
645 
638 
745 
113 
341 195 
960 846 
513 665 
256 413 
44 26 
840 617 
31 200 
438 817 
740 991 
751 982 
620 481 
415 67 
670 155 
153 993 
458 714 
873 856 
929 524 
686 150 
401 386 
735 475 
402 522 
243 885 
813 105 
461 447 
101 10 
877 
559 
623 
867 
301 
889 
924 
201 
606 
576 
13 
555 
287 
320 
216 
149 
404 
187 
799 
913 
706 
247 
994 
950 
19 
654 
329 
739 
468 
508 
942 
254 
561 
746 
87 
275 
181 
954 
387 
367 
38 
381 
50 
300 
939 
145 
277 
211 
964 
775 
480 
327 455 
231 932 
716 410 
424 703 
422 376 
452 318 
130 99 
454 482 
236 765 
137 674 
383 701 
494 770 
52 304 
307 537 
368 133 
394 726 
956 138 
977 270 
800 832 
49 72 
544 988 
444 808 
858 881 
228 
360 
467 
166 
504 
429 
830 
648 
729 
450 
5 
89 
23 
148 
92 
302 
348 
551 
677 
433 
313 
855 
11 
509 
457 
629 
768 
757 
963 
411 
281 
349 
972 
364 
541 
887 
90 
792 
644 
679 
777 
539 
370 
756 
485 
899 
880 
4 
803 
864 
423 
34 
479 
296 
923 
704 
451 
616 
755 
139 
81 
103 
912 12 
825 612 
571 443 
157 144 
705 30 
330 953 
490 853 
697 583 
345 93 
285 525 
147 572 
891 915 
562 188 
675 156 
872 937 
643 862 
129 414 
984 903 
625 801 
32 947 
653 662 
841 835 
115 182 
760 407 
371 297 
518 321 
833 134 
388 794 
80 40 
532 
499 
926 
98 
462 
35 
530 
500 
594 
627 
21 
936 
860 
688 
736 
712 
70 
951 
549 
613 
389 
292 
305 
905 
208 
507 
986 
614 
265 
641 
9 
48 
202 
896 
907 
463 
167 
456 
106 
900 
992 
259 227 
805 350 
566 426 
474 689 
573 681 
273 382 
434 165 
290 609 
146 124 
18 6 
365 695 
534 737 
252 355 
547 943 
528 244 
151 437 
624 879 
920 405 
336 373 
173 973 
763 199 
664 952 
866 622 
459 857 
743 
663 
251 
812 
502 
844 
516 
3 
650 
245 
718 
435 
584 
189 
987 
554 
708 
888 
436 
570 
41 
845 
878 
25 
921 
272 
998 
707 
111 
533 
870 
393 
120 
159 
391 
970 
352 
671 
831 
361 
347 
610 
820 
944 
711 478 
774 949 
595 168 
95 288 
375 657 
957 834 
102 96 
126 338 
65 517 
996 250 
501 582 
753 234 
198 684 
965 353 
61 769 
160 226 
495 36 
123 47 
492 163 
76 590 
876 758 
238 958 
715 503 
818 563 
967 266 
585 465 
172 930 
171 651 
810 838 
430 
754 
978 
886 
406 
852 
278 
299 
358 
597 
142 
255 
328 
203 
483 
935 
719 
865 
786 
232 
233 
815 
73 
906 
60 
922 
267 
311 
460 
821 
261 
225 
284 
687 
229 
39 
362 
442 
178 
669 
396 
369 
863 
526 
421 
596 
400 
279 
604 
605 
579 71 
2 871 
990 816 
385 128 
911 143 
46 116 
280 55 
366 934 
580 927 
789 710 
599 428 
577 545 
628 223 
218 919 
331 882 
359 390 
271 709 
918 464 
601 759 
529 59 
565 
222 
446 
787 
240 
63 
693 
933 
724 
514 
24 
997 
804 
213 
975 
140 
839 
560 
319 
309 
473 
849 
536 
177 
212 
7 
776 
640 
656 
283 
593 
682 
908 
811 
850 
875 
440 
62 
591 
439 
931 
851 
29 
193 
827 
100 
925 
274 
727 
119 161 
246 828 
215 720 
668 698 
631 58 
608 632 
666 535 
636 0 
335 343 
432 717 
82 206 
910 158 
637 85 
37 484 
66 806 
57 868 
607 660 
257 630 
214 981 
781 337 
773 510 
384 269 
824 961 
676 131 
928 633 
248 498 
793 224 
731 897 
893 
690 
486 
136 
315 
790 
174 
121 
785 
874 
519 
520 
75 
895 
819 
312 
298 
45 
842 
380 
672 
733 
412 
209 
342 
378 
809 
491 
692 
332 
667 
239 
652 
869 
823 
425 
303 
611 
702 
77 
983 
540 
791 
658 
742 
453 
680 
778 
186 
184 
917 
1 
713 
377 
346 
356 
489 
826 
822 
574 
807 
487 788 
64 548 
673 395 
476 941 
399 752 
527 884 
946 175 
685 883 
968 659 
909 117 
291 634 
552 979 
68 618 
940 466 
185 904 
589 700 
683 86 
419 264 
898 901 
295 586 
542 69 
974 635 
417 782 
762 191 
310 237 
334 
854 
955 
110 
741 
966 
592 
848 
621 
678 
747 
575 
655 
730 
351 
357 
976 
164 
325 
829 
258 
354 
397 
316 
340 
170 
235 
374 
938 
647 
515 
326 
205 
556 
441 
531 
431 
843 
176 
767 
379 
738 
230 
132 
772 
112 
914 
107 
764 
293 
538 
74 
323 
603 999 
564 253 
578 783 
558 79 
190 324 
306 53 
945 916 
587 418 
568 902 
180 980 
398 363 
750 449 
97 798 
600 221 
985 427 
523 512 
496 403 
892 84 
598 445 
152 207 
696 322 
699 54 
749 104 
722 
694 
626 
192 
194 
948 
333 
505 
268 
420 
649 
734 
748 
282 
14 
691 
42 
17 
308 
859 
210 
784 
646 
141 
639 
989 
780 
276 
569 
642 
448 
602 
959 
971 
506 
16 
33 
317 
43 
135 
220 
477 
766 
493 
122 
56 
