750
723 
499 
532 
877 
260 
76 590 
620 481 
751 982 
744 615 
929 524 
497 
858 881 
739 
286 
78 
964 
605 
867 
328 
571 443 
836 
814 344 
576 
3 
387 
956 138 
345 93 
878 
89 
924 
219 
278 
127 
91 20 
80 40 
169 262 
296 
166 
942 
728 
732 
504 
876 758 
670 155 
912 12 
479 
761 
544 988 
28 
302 
472 
725 
81 
450 
27 661 
108 162 
438 817 
653 662 
805 350 
327 455 
401 386 
969 
509 
557 
573 681 
833 134 
813 105 
118 470 
375 657 
259 227 
408 469 
711 478 
216 
468 
160 226 
48 
595 168 
247 
255 
855 
25 
602 
416 
129 414 
899 
454 482 
866 622 
795 581 
197 
654 
109 
820 
181 
546 
149 
802 
841 835 
677 
196 
436 
619 797 
861 471 
341 195 
179 
364 
644 
309 
536 
567 
23 
960 846 
287 
113 
516 
123 47 
22 
775 
906 
500 
647 
561 
87 
211 
38 
735 475 
44 26 
153 993 
511 721 
365 695 
339 995 
779 
963 
4 
314 
90 
501 582 
584 
412 
102 96 
320 
837 409 
236 765 
461 447 
311 
243 885 
277 
254 
718 
840 617 
198 684 
488 
301 
736 
889 
894 8 
452 318 
285 525 
415 67 
217 
553 249 
432 717 
562 188 
114 51 
977 270 
300 
393 
962 
648 
292 
534 737 
625 801 
521 15 
347 
329 
241 
972 
275 
34 
494 770 
146 124 
743 
73 
931 
154 
70 
265 
799 
167 
585 465 
818 563 
771 
560 
559 
88 372 
921 
11 
800 832 
716 410 
578 783 
159 
370 
31 200 
392 94 
760 407 
588 
645 
35 
358 
550 
130 99 
147 572 
151 437 
957 834 
796 204 
423 
756 
459 857 
597 
847 263 
740 991 
451 
745 
480 
951 
125 
763 199 
554 
157 144 
242 183 
679 
819 
601 759 
208 
444 808 
911 143 
37 484 
793 224 
686 150 
913 
638 
872 937 
120 
643 862 
789 710 
873 856 
663 
907 
688 
715 503 
433 
41 
49 72 
388 794 
422 376 
896 
126 338 
171 651 
513 665 
591 
32 947 
252 355 
815 
467 
228 
940 466 
381 
848 
83 
860 
5 
939 
526 
92 
514 
222 
869 
887 
629 
543 289 
606 
230 
746 
729 
812 
777 
148 
411 
384 269 
997 
290 609 
272 
987 
95 288 
13 
485 
803 
457 
463 
905 
768 
145 
279 
704 
174 
201 
724 
189 
336 373 
111 
774 949 
825 612 
712 
594 
830 
502 
623 
845 
394 726 
741 
611 
348 
439 
923 
231 932 
295 586 
614 
7 
119 161 
203 
627 
849 
18 6 
888 
706 
246 828 
965 353 
978 
722 
579 71 
271 709 
975 
920 405 
666 535 
406 
508 
539 
210 
245 
50 
675 156 
173 973 
367 
434 165 
9 
984 903 
178 
839 
115 182 
474 689 
994 
193 
214 981 
875 
750 449 
313 
402 522 
918 464 
172 930 
891 915 
954 
52 304 
528 244 
551 
697 583 
256 413 
864 
294 
103 
985 427 
141 
137 674 
705 30 
19 
391 
908 
492 163 
101 10 
518 321 
890 
493 
826 
100 
74 
368 133 
349 
187 
366 934 
299 
950 
397 
360 
473 
616 
75 
555 
541 
307 537 
424 703 
352 
676 131 
707 
462 
383 701 
671 
776 
429 
487 788 
990 816 
389 
613 
727 
755 
184 
650 
281 
335 343 
865 
669 
547 943 
369 
330 953 
946 175 
483 
824 961 
757 
98 
140 
664 952 
936 
458 714 
641 
992 
356 
933 
305 
261 
628 223 
65 517 
810 838 
404 
238 958 
792 
21 
435 
268 
139 
928 633 
490 853 
385 128 
371 297 
441 
967 266 
225 
668 698 
880 
922 
549 
831 
507 
152 207 
624 879 
396 
986 
280 55 
786 
708 
886 
215 720 
519 
235 
811 
874 
460 
823 
844 
852 
870 
687 
267 
692 
495 36 
359 390 
456 
257 630 
738 
996 250 
16 
106 
926 
754 
298 
596 
251 
61 769 
610 
970 
575 
240 
935 
398 363 
753 234 
529 59 
900 
749 104 
804 
63 
505 
176 
552 979 
863 
496 403 
998 
202 
248 498 
859 
851 
212 
229 
909 117 
442 
213 
604 
713 
306 53 
57 868 
773 510 
232 
400 
530 
273 382 
787 
944 
719 
440 
142 
430 
333 
319 
446 
177 
520 
284 
283 
637 85 
577 545 
399 752 
205 
827 
945 916 
190 324 
608 632 
46 116 
589 700 
821 
640 
233 
533 
742 
565 
854 
379 
209 
850 
652 
291 634 
312 
421 
925 
702 
82 206 
374 
672 
809 
380 
968 659 
64 548 
733 
362 
790 
29 
39 
342 
656 
570 
315 
136 
917 
693 
621 
747 
678 
955 
658 
361 
778 
332 
680 
603 999 
62 
636 0 
580 927 
785 
898 901 
491 
893 
626 
77 
66 806 
97 798 
682 
486 
690 
976 
531 
649 
489 
110 
593 
303 
334 
506 
730 
316 
17 
566 426 
542 69 
274 
377 
781 337 
453 
966 
983 
354 
60 
239 
417 782 
842 
540 
24 
807 
574 
431 
556 
351 
258 
107 
340 
683 86 
45 
974 635 
425 
655 
476 941 
121 
791 
326 
667 
378 
346 
592 
14 
112 
938 
293 
910 158 
164 
515 
569 
895 
420 
631 58 
766 
784 
527 884 
734 
68 618 
308 
186 
276 
829 
325 
1 
914 
323 
959 
731 897 
822 
843 
523 512 
43 
538 
642 
192 
357 
317 
691 
170 
331 882 
477 
33 
767 
598 445 
699 54 
971 
568 902 
132 
218 919 
639 
772 
599 428 
646 
607 660 
892 84 
194 
310 237 
685 883 
989 
419 264 
600 221 
220 
764 
696 322 
694 
948 
748 
282 
42 
673 395 
762 191 
587 418 
780 
448 
135 
122 
56 
2 871 
185 904 
564 253 
558 79 
180 980 
