750
34 
41 
26 49 
272 
314 
361 
425 
433 
605 
633 635 
643 710 
744 770 
799 
969 
910 993 
38 
77 
114 131 
185 259 
305 
423 
509 
557 
654 
297 666 
707 
806 808 
841 937 
982 8 
189 
278 
124 318 
404 
525 527 
565 
584 
648 
649 
723 
734 
620 884 
13 
23 
196 
254 
279 
927 291 
500 
443 522 
538 
640 
645 
647 
652 
599 674 
718 
719 
924 
962 
68 85 
126 155 
193 
277 
301 
369 
327 459 
488 
478 664 
728 
736 
896 
916 920 
975 
994 
22 
51 66 
181 
194 
97 237 
267 
457 
504 
257 749 
761 
785 
820 
798 898 
901 71 
166 
179 
161 195 
430 
559 
603 619 
694 
722 
732 
754 
854 
805 861 
926 
960 10 
90 
403 452 
526 
562 579 
616 
699 737 
813 835 
859 
939 
971 
48 
82 95 
145 
182 262 
349 
374 
550 
672 
708 
686 758 
786 
834 837 
839 
906 
149 
59 200 
216 
400 
392 407 
613 
476 661 
727 
716 735 
917 
824 961 
210 
245 
102 339 
364 
406 
451 
399 461 
473 
474 481 
508 
539 
545 590 
680 
742 
771 
803 
81 
93 162 
221 231 
281 
313 
335 341 
402 409 
435 
450 
462 
852 
878 
63 
87 
113 
140 
585 150 
275 
393 
497 
505 
475 524 
536 
571 673 
763 796 
219 
119 253 
292 
288 438 
554 
629 
650 
517 753 
812 
887 
828 12 
75 
187 
347 
491 
521 543 
626 
705 885 
893 
892 894 
951 
946 129 
240 
290 386 
416 
453 
496 512 
702 
712 
548 750 
843 
875 
888 
966 
825 101 
103 
186 
276 
294 
299 
199 388 
422 427 
907 
908 
950 
3 
16 
62 
213 
222 
0 355 
410 428 
514 
560 
576 
741 
695 765 
869 
977 996 
106 
283 
397 
455 511 
580 586 
622 636 
791 
889 
14 
657 138 
431 
533 
606 
471 618 
706 
790 
70 
53 188 
241 
320 
378 
343 432 
570 
594 
469 612 
670 721 
997 
9 
300 
246 337 
436 
484 573 
802 
781 973 
83 
154 
985 249 
329 
345 529 
582 659 
704 
829 
880 
930 956 
970 
972 
54 218 
499 
575 
667 
733 
864 
29 
50 
810 118 
141 
159 
156 172 
442 
610 
623 
646 
375 769 
842 
17 
800 79 
178 
316 
463 
413 566 
663 
615 701 
751 801 
905 
991 27 
125 
32 151 
170 
421 
439 
530 
394 563 
598 940 
986 
88 147 
688 
437 715 
772 
779 
891 918 
935 
21 
33 
203 
130 321 
331 336 
348 
477 
597 
826 
795 857 
74 
78 
100 
86 223 
472 
639 
849 
224 858 
964 
28 
176 
247 
255 
265 
919 270 
383 542 
591 
855 
863 
979 40 
47 91 
169 171 
217 
621 
730 
518 797 
429 
743 
64 774 
830 
788 846 
871 990 
319 
333 
376 513 
815 
942 
976 
856 173 
309 
346 
724 
745 
714 773 
776 
295 338 
614 
470 840 
112 
139 
567 
767 
445 941 
7 
19 
953 227 
286 
440 
446 
408 564 
794 15 
98 
287 
323 
252 492 
644 
923 
944 
934 18 
24 
44 99 
280 415 
860 
936 
89 
995 128 
136 
315 
168 395 
490 20 
35 
209 
414 487 
528 675 
777 
850 
890 
899 
983 
43 
296 
312 
454 634 
211 
354 
46 401 
589 601 
931 
915 55 
260 
302 
366 434 
551 
617 668 
678 
697 698 
747 
955 
109 
268 
351 
52 464 
516 
556 
553 458 
789 873 
164 
909 214 
424 494 
595 681 
757 
845 
874 
759 952 
56 
236 398 
412 
503 609 
684 832 
881 967 
987 
202 
405 600 
847 911 
963 
932 981 
228 
251 
334 
360 
467 
532 
2 711 
877 
197 
391 
266 581 
627 
959 
980 36 
73 
135 
208 
115 250 
547 726 
853 30 
67 137 
729 
746 
822 
269 897 
912 984 
992 
84 158 
311 
326 
608 624 
660 838 
886 
904 306 
324 365 
865 
965 359 
493 
495 631 
766 
25 
700 243 
332 
387 
396 
555 
561 
602 
778 
762 105 
325 
153 353 
638 
831 
913 
122 
833 157 
204 248 
57 183 
568 703 
947 180 
328 
381 
466 482 
819 
201 
468 
574 
807 
717 999 
1 
192 
367 
108 368 
792 
949 988 
998 
480 
596 
604 
577 882 
379 
116 632 
687 
851 
713 
870 
163 385 
818 198 
234 273 
483 
740 165 
420 
677 
867 
895 
817 31 
92 
370 
285 444 
755 
104 215 
768 
256 271 
546 
637 665 
669 
764 
229 
866 263 
682 
814 929 
177 
298 
485 
784 
356 
242 384 
933 
226 344 
780 
363 133 
372 373 
921 
120 
225 
235 
502 
611 
848 
184 
943 447 
4 
558 76 
127 
244 625 
377 
540 
592 
922 
954 
110 
293 
479 
489 
641 
69 793 
938 
39 
239 
738 
876 96 
411 
588 
510 760 
174 
456 
868 544 
121 
725 
756 
902 146 
671 
578 816 
148 
45 
191 61 
731 330 
549 
679 
836 
945 123 
350 175 
307 653 
289 72 
111 
925 
630 65 
60 
233 
358 
883 662 
284 
352 
519 
827 
974 928 
152 206 
238 264 
844 
978 
658 
691 
787 
230 
37 651 
957 465 
989 
685 534 
261 
572 628 
486 
160 903 
282 
303 
692 
11 
683 371 
823 
948 
506 
872 537 
390 382 
821 
389 
690 
676 94 
460 
342 
362 
914 
449 304 
5 
655 
80 143 
739 
167 
441 
142 
357 
900 
498 552 
693 
689 6 
656 
811 
583 134 
212 
809 
117 862 
531 
569 
258 
205 
720 535 
958 310 
448 
879 709 
42 
804 
541 
520 
417 696 
775 
232 
144 418 
515 
507 
274 
587 426 
308 
190 968 
607 207 
380 
593 
220 
752 782 
107 
132 
501 322 
58 419 
642 
340 
748 
317 
783 523 
