750
8 15 
22 
20 27 
28 
78 
83 
51 88 
91 94 
109 
113 
108 114 
125 
127 
154 
118 162 
179 
169 183 
196 
197 
217 
219 
241 
204 242 
260 
249 262 
286 
263 289 
294 
314 
339 341 
344 372 
392 408 
416 
409 469 
470 471 
472 
488 
497 
511 521 
546 
550 
543 553 
557 
567 
588 
581 615 
638 
645 
619 661 
723 
725 
728 
732 
721 744 
745 
761 
771 
779 
795 796 
802 
797 814 
836 
837 847 
890 
861 894 
962 
969 
995 10 
13 
19 
26 31 
38 
50 
44 67 
87 
101 105 
145 
149 
150 153 
181 
187 
155 195 
201 
211 
216 
200 243 
247 
254 
275 
277 
287 
300 
301 
320 
329 
367 
381 
256 386 
387 
401 402 
404 
413 415 
438 447 
458 461 
468 
480 
475 481 
508 
513 522 
555 
559 
561 
576 
606 
524 617 
623 
654 
620 665 
670 686 
706 
714 735 
739 
746 
740 751 
775 
799 
813 817 
840 846 
867 
856 873 
877 
889 
913 
924 
885 929 
939 
942 
950 
954 
964 
960 982 
991 993 
994 
4 
5 
11 
23 
34 
49 52 
81 
89 
90 
92 
72 99 
103 
130 133 
137 138 
139 
148 
166 
228 
231 236 
281 
296 
302 
270 304 
313 
307 318 
348 
349 
360 
364 
327 368 
370 
376 383 
394 410 
411 
423 
422 424 
429 
433 
450 
451 
444 452 
454 455 
457 
467 
479 
485 
482 494 
504 
509 
539 
541 
537 544 
551 
616 
629 
644 
648 
677 
679 
674 701 
704 
703 716 
729 
755 
756 
757 
726 765 
768 
777 
792 
770 800 
803 
830 
808 832 
855 
864 
880 
858 881 
887 
899 
923 
912 932 
963 
972 
956 977 
9 
988 12 
21 
30 32 
35 
48 
70 
40 80 
98 
106 
93 115 
129 134 
144 147 
156 157 
167 
182 188 
202 
208 
265 
259 285 
292 
305 
297 321 
330 345 
371 388 
389 
407 414 
456 
462 
463 
443 490 
499 
500 
507 
518 525 
530 
532 
549 
562 571 
572 583 
594 
613 
614 
612 625 
627 
641 
643 653 
662 675 
688 
697 705 
712 
736 
760 794 
801 825 
833 835 
841 853 
860 
862 872 
896 
900 
891 903 
905 
907 
926 
936 
915 937 
951 
947 953 
986 
992 
3 
984 6 
25 
41 
111 
120 
18 124 
146 151 
159 
165 173 
189 
199 227 
245 
251 
244 252 
272 
273 290 
347 
336 350 
352 
361 
355 365 
373 382 
391 
393 
405 426 
435 
436 
434 437 
459 474 
502 
516 
533 
528 534 
554 
547 566 
570 
584 
573 609 
610 
622 624 
650 
663 
671 
664 681 
689 695 
707 
708 
718 
743 
737 763 
812 
820 
831 
844 
845 
805 857 
870 
878 
866 879 
888 
921 
920 943 
944 
970 
952 973 
987 
998 
39 
36 47 
60 
61 65 
73 
76 95 
96 102 
123 126 
142 
160 163 
168 171 
178 
172 198 
203 
225 
229 
232 
233 
226 234 
238 250 
255 
261 
267 
278 
279 
284 
266 288 
299 
311 
328 
338 353 
358 
362 
369 
396 
400 
406 
421 
430 
442 
460 
375 465 
483 
478 492 
495 501 
503 517 
526 
563 579 
582 585 
590 595 
596 
597 
604 
605 
651 657 
669 
687 
684 711 
719 
715 753 
754 
758 769 
786 
774 810 
815 
821 
818 834 
852 
863 
865 
838 876 
886 
906 
922 
935 
930 949 
957 958 
965 967 
978 
996 2 
7 
24 
29 
46 55 
62 
63 
59 71 
100 
116 128 
140 
177 
193 
212 
213 
143 218 
222 
240 
223 271 
274 
283 
309 
319 
280 331 
359 366 
385 390 
439 
440 
446 
428 464 
473 
514 
536 
529 545 
560 
565 
577 580 
591 
593 
599 601 
640 
656 
682 
693 
628 709 
724 
727 
710 759 
776 
787 
804 
811 
789 816 
827 
839 
849 
850 
851 
875 
871 882 
908 
911 918 
925 
919 927 
931 
933 
975 
934 990 
997 
1 
0 37 
45 
57 58 
75 
77 
66 82 
85 119 
121 
136 
131 158 
174 
184 
186 
161 206 
209 
214 215 
239 
224 246 
248 257 
298 
303 
312 
315 
332 
269 335 
342 
337 343 
346 
356 
377 
378 
380 
412 
425 
384 432 
453 
486 
484 487 
489 
491 
498 510 
519 
520 
540 
574 
535 607 
611 
608 630 
631 632 
633 636 
652 
658 
637 660 
667 
666 668 
672 
680 
690 
692 
676 698 
702 
713 
717 720 
733 
742 
731 773 
778 
785 
790 
791 
781 793 
807 
809 
819 
822 
823 
806 824 
826 
842 
828 868 
869 
874 
893 
895 
897 910 
917 
928 961 
983 
981 64 
68 69 
74 
107 
110 
112 
86 117 
132 
164 
170 
176 
175 185 
205 
230 
235 
191 237 
258 
264 291 
293 
295 310 
316 
323 
325 
326 
334 
340 
351 
354 
357 
374 
379 
397 
395 399 
417 419 
431 
441 
466 476 
515 
531 
538 
527 542 
548 552 
556 
575 
586 589 
592 
621 
618 634 
647 
655 
635 659 
678 
673 683 
685 700 
730 
738 
741 
747 
752 762 
764 
767 
772 
782 788 
829 
843 
848 
854 
883 884 
898 901 
904 909 
914 
938 
940 941 
955 
966 
946 968 
976 
974 979 
14 
16 
17 
33 
42 
43 
53 54 
79 84 
97 104 
135 
141 
152 180 
192 
194 
190 207 
210 
220 
221 253 
268 
276 
282 
308 
317 
306 322 
333 
324 363 
398 403 
420 
418 427 
448 
445 449 
477 
493 
505 
506 
496 512 
523 558 
564 568 
569 
578 587 
598 600 
602 
626 
639 
642 
646 
649 
691 
694 
603 696 
722 
734 
748 
699 749 
766 
780 
750 783 
784 
859 
798 892 
902 916 
948 
959 
971 
945 980 
989 
985 999 
56 
122 
